<?xml version="1.0" encoding="UTF-8"?>
<!-- Generated by org.testng.reporters.JUnitReportReporter -->
<testsuite hostname="Admin-PC" failures="0" tests="1" name="runner.runner" time="42.841" errors="0" timestamp="2024-04-23T10:52:13 IST" skipped="0">
  <testcase classname="runner.runner" name="runScenario" time="42.841"/>
  <system-out/>
</testsuite> <!-- runner.runner -->
